<testsuites id="" name="" tests="3" failures="2" skipped="0" errors="0" time="136.640933">
<testsuite name="e2e\dashboard\role-routing.spec.ts" timestamp="2025-10-04T11:23:34.009Z" hostname="chromium" tests="3" failures="2" skipped="0" time="119.693" errors="0">
<testcase name="Role-based dashboard routing › unauthenticated users are redirected to sign-in for both dashboards" classname="e2e\dashboard\role-routing.spec.ts" time="12.093">
<system-out>
<![CDATA[
[[ATTACHMENT|test-artifacts\e2e-dashboard-role-routing-60f40-sign-in-for-both-dashboards-chromium\trace.zip]]
]]>
</system-out>
</testcase>
<testcase name="Role-based dashboard routing › influencer cannot access supplier dashboard and is redirected to influencer" classname="e2e\dashboard\role-routing.spec.ts" time="53.281">
<failure message="role-routing.spec.ts:23:7 influencer cannot access supplier dashboard and is redirected to influencer" type="FAILURE">
<![CDATA[  [chromium] › e2e\dashboard\role-routing.spec.ts:23:7 › Role-based dashboard routing › influencer cannot access supplier dashboard and is redirected to influencer 

    Test timeout of 45000ms exceeded.

    TimeoutError: page.waitForURL: Timeout 30000ms exceeded.
    =========================== logs ===========================
    waiting for navigation to "**/dashboard/influencer**" until "networkidle"
    ============================================================

       at helpers\auth.ts:72

      70 |
      71 |   try {
    > 72 |     await page.waitForURL("**/dashboard/influencer**", {
         |                ^
      73 |       timeout: 30000,
      74 |       waitUntil: "networkidle",
      75 |     });
        at loginAsInfluencer (C:\Users\Lenovo\Desktop\Workspce\vo-onelink-google\tests\helpers\auth.ts:72:16)
        at C:\Users\Lenovo\Desktop\Workspce\vo-onelink-google\tests\e2e\dashboard\role-routing.spec.ts:24:5

    attachment #1: screenshot (image/png) ──────────────────────────────────────────────────────────
    ..\Dashboard Build\Reports\test-artifacts\e2e-dashboard-role-routing-dc30c-is-redirected-to-influencer-chromium\test-failed-1.png
    ────────────────────────────────────────────────────────────────────────────────────────────────

    attachment #2: video (video/webm) ──────────────────────────────────────────────────────────────
    ..\Dashboard Build\Reports\test-artifacts\e2e-dashboard-role-routing-dc30c-is-redirected-to-influencer-chromium\video.webm
    ────────────────────────────────────────────────────────────────────────────────────────────────

    Error Context: ..\Dashboard Build\Reports\test-artifacts\e2e-dashboard-role-routing-dc30c-is-redirected-to-influencer-chromium\error-context.md

    attachment #4: trace (application/zip) ─────────────────────────────────────────────────────────
    ..\Dashboard Build\Reports\test-artifacts\e2e-dashboard-role-routing-dc30c-is-redirected-to-influencer-chromium\trace.zip
    Usage:

        npx playwright show-trace "..\Dashboard Build\Reports\test-artifacts\e2e-dashboard-role-routing-dc30c-is-redirected-to-influencer-chromium\trace.zip"

    ────────────────────────────────────────────────────────────────────────────────────────────────
]]>
</failure>
<system-out>
<![CDATA[
[[ATTACHMENT|test-artifacts\e2e-dashboard-role-routing-dc30c-is-redirected-to-influencer-chromium\test-failed-1.png]]

[[ATTACHMENT|test-artifacts\e2e-dashboard-role-routing-dc30c-is-redirected-to-influencer-chromium\video.webm]]

[[ATTACHMENT|test-artifacts\e2e-dashboard-role-routing-dc30c-is-redirected-to-influencer-chromium\error-context.md]]

[[ATTACHMENT|test-artifacts\e2e-dashboard-role-routing-dc30c-is-redirected-to-influencer-chromium\trace.zip]]
]]>
</system-out>
</testcase>
<testcase name="Role-based dashboard routing › supplier cannot access influencer dashboard and is redirected to supplier" classname="e2e\dashboard\role-routing.spec.ts" time="54.319">
<failure message="role-routing.spec.ts:33:7 supplier cannot access influencer dashboard and is redirected to supplier" type="FAILURE">
<![CDATA[  [chromium] › e2e\dashboard\role-routing.spec.ts:33:7 › Role-based dashboard routing › supplier cannot access influencer dashboard and is redirected to supplier 

    Test timeout of 45000ms exceeded.

    Error: page.waitForURL: net::ERR_ABORTED; maybe frame was detached?
    =========================== logs ===========================
    waiting for navigation to "**/dashboard/supplier**" until "networkidle"
    ============================================================

       at helpers\auth.ts:104

      102 |
      103 |   try {
    > 104 |     await page.waitForURL("**/dashboard/supplier**", {
          |                ^
      105 |       timeout: 30000,
      106 |       waitUntil: "networkidle",
      107 |     });
        at loginAsSupplier (C:\Users\Lenovo\Desktop\Workspce\vo-onelink-google\tests\helpers\auth.ts:104:16)
        at C:\Users\Lenovo\Desktop\Workspce\vo-onelink-google\tests\e2e\dashboard\role-routing.spec.ts:34:5

    attachment #1: screenshot (image/png) ──────────────────────────────────────────────────────────
    ..\Dashboard Build\Reports\test-artifacts\e2e-dashboard-role-routing-0a41d-d-is-redirected-to-supplier-chromium\test-failed-1.png
    ────────────────────────────────────────────────────────────────────────────────────────────────

    attachment #2: video (video/webm) ──────────────────────────────────────────────────────────────
    ..\Dashboard Build\Reports\test-artifacts\e2e-dashboard-role-routing-0a41d-d-is-redirected-to-supplier-chromium\video.webm
    ────────────────────────────────────────────────────────────────────────────────────────────────

    attachment #3: trace (application/zip) ─────────────────────────────────────────────────────────
    ..\Dashboard Build\Reports\test-artifacts\e2e-dashboard-role-routing-0a41d-d-is-redirected-to-supplier-chromium\trace.zip
    Usage:

        npx playwright show-trace "..\Dashboard Build\Reports\test-artifacts\e2e-dashboard-role-routing-0a41d-d-is-redirected-to-supplier-chromium\trace.zip"

    ────────────────────────────────────────────────────────────────────────────────────────────────
]]>
</failure>
<system-out>
<![CDATA[
[[ATTACHMENT|test-artifacts\e2e-dashboard-role-routing-0a41d-d-is-redirected-to-supplier-chromium\test-failed-1.png]]

[[ATTACHMENT|test-artifacts\e2e-dashboard-role-routing-0a41d-d-is-redirected-to-supplier-chromium\video.webm]]

[[ATTACHMENT|test-artifacts\e2e-dashboard-role-routing-0a41d-d-is-redirected-to-supplier-chromium\trace.zip]]
]]>
</system-out>
</testcase>
</testsuite>
</testsuites>